Build started 2/23/2017 12:23:18 PM.
     1>Project "C:\Libraries\Source\embeddedJAWB\Kinect\KinectMCU\KinectMCU.vcxproj" on node 2 (Build target(s)).
     1>InitializeBuildStatus:
         Creating "x64\Debug\KinectMCU.tlog\unsuccessfulbuild" because "AlwaysCreate" was specified.
       ClCompile:
         C:\Program Files (x86)\Microsoft Visual Studio 14.0\VC\bin\x86_amd64\CL.exe /c /I"C:\opencv-2.4.10\include" /ZI /nologo /W3 /WX- /sdl /Od /D _DEBUG /D _CONSOLE /D _UNICODE /D UNICODE /Gm /EHsc /RTC1 /MDd /GS /Zc:wchar_t /Zc:forScope /Zc:inline /Fo"x64\Debug\\" /Fd"x64\Debug\vc140.pdb" /Gd /TP /errorReport:prompt Main.cpp UART.cpp
         UART.cpp
     1>c:\libraries\source\embeddedjawb\kinect\kinectmcu\uart.cpp(21): error C2143: syntax error: missing ';' before '}'
         Main.cpp
     1>c:\libraries\source\embeddedjawb\kinect\kinectmcu\main.h(47): warning C4091: 'typedef ': ignored on left of 'Person' when no variable is declared
     1>c:\libraries\source\embeddedjawb\kinect\kinectmcu\main.cpp(62): warning C4305: '=': truncation from 'double' to 'float'
         Generating Code...
     1>Done Building Project "C:\Libraries\Source\embeddedJAWB\Kinect\KinectMCU\KinectMCU.vcxproj" (Build target(s)) -- FAILED.

Build FAILED.

Time Elapsed 00:00:03.00
